
Showing logs for build [32mcb-kubecd-environment-pr-158-50-s8997-1[0m stage [32mfrom-build-pack[0m and container [32mstep-credential-initializer-vzdr7[0m
{"level":"warn","ts":1581936560.3539157,"logger":"fallback-logger","caller":"logging/config.go:69","msg":"Fetch GitHub commit ID from kodata failed: \"ref: refs/heads/0.8.0-**-support-backwards-incompats\" is not a valid GitHub commit ID"}
{"level":"info","ts":1581936560.3546727,"logger":"fallback-logger","caller":"creds-init/main.go:40","msg":"Credentials initialized."}

Showing logs for build [32mcb-kubecd-environment-pr-158-50-s8997-1[0m stage [32mfrom-build-pack[0m and container [32mstep-working-dir-initializer-w2pw4[0m
{"level":"warn","ts":1581936562.256573,"logger":"fallback-logger","caller":"logging/config.go:69","msg":"Fetch GitHub commit ID from kodata failed: open /var/run/ko/HEAD: no such file or directory"}
{"level":"info","ts":1581936562.2613645,"logger":"fallback-logger","caller":"bash/main.go:64","msg":"Successfully executed command \"sh -c mkdir -p /workspace/source\"; output "}

Showing logs for build [32mcb-kubecd-environment-pr-158-50-s8997-1[0m stage [32mfrom-build-pack[0m and container [32mstep-place-tools[0m

Showing logs for build [32mcb-kubecd-environment-pr-158-50-s8997-1[0m stage [32mfrom-build-pack[0m and container [32mstep-git-source-cb-kubecd-environment-pr-158-50-s8997-6t6b4[0m
{"level":"warn","ts":1581936569.0702794,"logger":"fallback-logger","caller":"logging/config.go:69","msg":"Fetch GitHub commit ID from kodata failed: \"ref: refs/heads/0.8.0-**-support-backwards-incompats\" is not a valid GitHub commit ID"}
{"level":"info","ts":1581936570.4146276,"logger":"fallback-logger","caller":"git/git.go:103","msg":"Successfully cloned https://github.com/cb-kubecd/environment-pr-158-50-boot-vault-gke-staging.git @ master in path /workspace/source"}

Showing logs for build [32mcb-kubecd-environment-pr-158-50-s8997-1[0m stage [32mfrom-build-pack[0m and container [32mstep-git-merge[0m
Using SHAs from PULL_REFS=master:5bd60d1055f983a60f78a424bccef4c3b89d37b3,4:d12e2edfa744525db2c50c84c37252db637b58dc
DEBUG: LC_ALL=C JX_LOG_LEVEL=error git fetch origin --unshallow d12e2edfa744525db2c50c84c37252db637b58dc: 5bd60d1055f983a60f78a424bccef4c3b89d37b3:
DEBUG: ran git fetch --unshallow origin d12e2edfa744525db2c50c84c37252db637b58dc: 5bd60d1055f983a60f78a424bccef4c3b89d37b3: in 
DEBUG: LC_ALL=C JX_LOG_LEVEL=error git branch
DEBUG: LC_ALL=C JX_LOG_LEVEL=error git checkout master
DEBUG: ran git checkout master in 
DEBUG: LC_ALL=C JX_LOG_LEVEL=error git reset --hard 5bd60d1055f983a60f78a424bccef4c3b89d37b3
DEBUG: ran git reset --hard 5bd60d1055f983a60f78a424bccef4c3b89d37b3 in 
DEBUG: JX_LOG_LEVEL=error LC_ALL=C git clean -fd .
DEBUG: ran clean --force -d . in 
DEBUG: LC_ALL=C JX_LOG_LEVEL=error git merge d12e2edfa744525db2c50c84c37252db637b58dc
DEBUG: ran git merge d12e2edfa744525db2c50c84c37252db637b58dc in 
DEBUG: LC_ALL=C JX_LOG_LEVEL=error git log --format=%H%x1f%an%x1f%ae%x1f%cn%x1f%ce%x1f%s%n%b%x1e 5bd60d1055f983a60f78a424bccef4c3b89d37b3..HEAD
Merged SHA d12e2edfa744525db2c50c84c37252db637b58dc with commit message 'chore: Promote bdd-sbhg-1581934936 to version 0.0.1' into base branch master

Showing logs for build [32mcb-kubecd-environment-pr-158-50-s8997-1[0m stage [32mfrom-build-pack[0m and container [32mstep-build-helm-build[0m
WARNING: No $CHART_REPOSITORY defined so using the default value of: http://jenkins-x-chartmuseum:8080
Adding missing Helm repo: storage.googleapis.com https://storage.googleapis.com/chartmuseum.jenkins-x.io
WARNING: No secrets found on "helm/repos" due: reading the secret "helm/repos" from vault: no secret "helm/repos" not found in vault
Read credentials for https://storage.googleapis.com/chartmuseum.jenkins-x.io from vault helm/repos
Successfully added Helm repository storage.googleapis.com.
Adding missing Helm repo: jenkins-x-chartmuseum http://jenkins-x-chartmuseum:8080
WARNING: No secrets found on "helm/repos" due: reading the secret "helm/repos" from vault: no secret "helm/repos" not found in vault
Read credentials for http://jenkins-x-chartmuseum:8080 from vault helm/repos
Successfully added Helm repository jenkins-x-chartmuseum.
WARNING: No $CHART_REPOSITORY defined so using the default value of: http://jenkins-x-chartmuseum:8080
Adding missing Helm repo: chartmuseum.jenkins-x.io http://chartmuseum.jenkins-x.io
WARNING: No secrets found on "helm/repos" due: reading the secret "helm/repos" from vault: no secret "helm/repos" not found in vault
Read credentials for http://chartmuseum.jenkins-x.io from vault helm/repos
Successfully added Helm repository chartmuseum.jenkins-x.io.
